{"/home/pve_jalberton/Desktop/dev/todo-list/src/stitches.config.ts": {"path":"/home/pve_jalberton/Desktop/dev/todo-list/src/stitches.config.ts","statementMap":{"0":{"start":{"line":2,"column":0},"end":{"line":2,"column":49}},"1":{"start":{"line":5,"column":13},"end":{"line":13,"column":null}},"2":{"start":{"line":45,"column":30},"end":{"line":45,"column":71}}},"fnMap":{"0":{"name":"(anonymous_0)","decl":{"start":{"line":45,"column":13},"end":{"line":45,"column":14}},"loc":{"start":{"line":45,"column":30},"end":{"line":45,"column":71}}}},"branchMap":{},"s":{"0":1,"1":1,"2":0},"f":{"0":0},"b":{}}
,"/home/pve_jalberton/Desktop/dev/todo-list/src/assets/icon-check.svg": {"path":"/home/pve_jalberton/Desktop/dev/todo-list/src/assets/icon-check.svg","statementMap":{"0":{"start":{"line":1,"column":0},"end":{"line":1,"column":19}}},"fnMap":{},"branchMap":{},"s":{"0":1},"f":{},"b":{},"_coverageSchema":"1a1c01bbd47fc00a2c39e90264f33305004495a9","hash":"b2511756c23b8fd8e3b0c1d3d09fecb66131726d"}
,"/home/pve_jalberton/Desktop/dev/todo-list/src/components/CheckBox.tsx": {"path":"/home/pve_jalberton/Desktop/dev/todo-list/src/components/CheckBox.tsx","statementMap":{"0":{"start":{"line":1,"column":0},"end":{"line":1,"column":44}},"1":{"start":{"line":2,"column":0},"end":{"line":2,"column":45}},"2":{"start":{"line":4,"column":18},"end":{"line":17,"column":2}},"3":{"start":{"line":19,"column":14},"end":{"line":27,"column":2}},"4":{"start":{"line":29,"column":18},"end":{"line":51,"column":2}},"5":{"start":{"line":62,"column":29},"end":{"line":64,"column":3}},"6":{"start":{"line":63,"column":4},"end":{"line":63,"column":33}},"7":{"start":{"line":66,"column":2},"end":{"line":73,"column":4}},"8":{"start":{"line":76,"column":0},"end":{"line":76,"column":24}}},"fnMap":{"0":{"name":"CheckBox","decl":{"start":{"line":60,"column":9},"end":{"line":60,"column":17}},"loc":{"start":{"line":60,"column":44},"end":{"line":74,"column":1}}},"1":{"name":"(anonymous_2)","decl":{"start":{"line":62,"column":29},"end":{"line":62,"column":32}},"loc":{"start":{"line":62,"column":34},"end":{"line":64,"column":3}}}},"branchMap":{"0":{"loc":{"start":{"line":63,"column":4},"end":{"line":63,"column":32}},"type":"binary-expr","locations":[{"start":{"line":63,"column":4},"end":{"line":63,"column":12}},{"start":{"line":63,"column":16},"end":{"line":63,"column":32}}]}},"s":{"0":1,"1":1,"2":1,"3":1,"4":1,"5":4,"6":1,"7":4,"8":1},"f":{"0":4,"1":1},"b":{"0":[1,1]}}
,"/home/pve_jalberton/Desktop/dev/todo-list/src/components/Input.tsx": {"path":"/home/pve_jalberton/Desktop/dev/todo-list/src/components/Input.tsx","statementMap":{"0":{"start":{"line":1,"column":0},"end":{"line":1,"column":34}},"1":{"start":{"line":3,"column":0},"end":{"line":3,"column":44}},"2":{"start":{"line":4,"column":0},"end":{"line":4,"column":48}},"3":{"start":{"line":5,"column":0},"end":{"line":5,"column":52}},"4":{"start":{"line":7,"column":18},"end":{"line":15,"column":2}},"5":{"start":{"line":17,"column":14},"end":{"line":25,"column":2}},"6":{"start":{"line":33,"column":40},"end":{"line":33,"column":64}},"7":{"start":{"line":35,"column":20},"end":{"line":41,"column":3}},"8":{"start":{"line":36,"column":4},"end":{"line":40,"column":6}},"9":{"start":{"line":43,"column":21},"end":{"line":46,"column":3}},"10":{"start":{"line":44,"column":4},"end":{"line":44,"column":29}},"11":{"start":{"line":45,"column":4},"end":{"line":45,"column":26}},"12":{"start":{"line":48,"column":27},"end":{"line":60,"column":3}},"13":{"start":{"line":49,"column":4},"end":{"line":49,"column":38}},"14":{"start":{"line":49,"column":31},"end":{"line":49,"column":38}},"15":{"start":{"line":51,"column":20},"end":{"line":51,"column":39}},"16":{"start":{"line":53,"column":4},"end":{"line":56,"column":null}},"17":{"start":{"line":54,"column":6},"end":{"line":54,"column":30}},"18":{"start":{"line":55,"column":6},"end":{"line":55,"column":13}},"19":{"start":{"line":58,"column":4},"end":{"line":58,"column":53}},"20":{"start":{"line":59,"column":4},"end":{"line":59,"column":24}},"21":{"start":{"line":62,"column":2},"end":{"line":72,"column":4}},"22":{"start":{"line":75,"column":0},"end":{"line":75,"column":25}}},"fnMap":{"0":{"name":"TaskInput","decl":{"start":{"line":32,"column":9},"end":{"line":32,"column":18}},"loc":{"start":{"line":32,"column":39},"end":{"line":73,"column":1}}},"1":{"name":"(anonymous_2)","decl":{"start":{"line":35,"column":20},"end":{"line":35,"column":21}},"loc":{"start":{"line":35,"column":65},"end":{"line":41,"column":3}}},"2":{"name":"(anonymous_3)","decl":{"start":{"line":43,"column":21},"end":{"line":43,"column":22}},"loc":{"start":{"line":43,"column":63},"end":{"line":46,"column":3}}},"3":{"name":"(anonymous_4)","decl":{"start":{"line":48,"column":27},"end":{"line":48,"column":28}},"loc":{"start":{"line":48,"column":76},"end":{"line":60,"column":3}}}},"branchMap":{"0":{"loc":{"start":{"line":49,"column":4},"end":{"line":49,"column":38}},"type":"if","locations":[{"start":{"line":49,"column":4},"end":{"line":49,"column":38}}]},"1":{"loc":{"start":{"line":53,"column":4},"end":{"line":56,"column":null}},"type":"if","locations":[{"start":{"line":53,"column":4},"end":{"line":56,"column":null}}]}},"s":{"0":1,"1":1,"2":1,"3":1,"4":1,"5":1,"6":4,"7":4,"8":2,"9":4,"10":2,"11":2,"12":4,"13":2,"14":0,"15":2,"16":2,"17":0,"18":0,"19":2,"20":2,"21":4,"22":1},"f":{"0":4,"1":2,"2":2,"3":2},"b":{"0":[0],"1":[0]}}
,"/home/pve_jalberton/Desktop/dev/todo-list/src/utils/index.ts": {"path":"/home/pve_jalberton/Desktop/dev/todo-list/src/utils/index.ts","statementMap":{"0":{"start":{"line":1,"column":27},"end":{"line":3,"column":1}},"1":{"start":{"line":2,"column":2},"end":{"line":2,"column":45}},"2":{"start":{"line":5,"column":9},"end":{"line":5,"column":27}}},"fnMap":{"0":{"name":"(anonymous_0)","decl":{"start":{"line":1,"column":27},"end":{"line":1,"column":30}},"loc":{"start":{"line":1,"column":32},"end":{"line":3,"column":1}}}},"branchMap":{},"s":{"0":1,"1":2,"2":1},"f":{"0":2},"b":{}}
}
